[2025-05-07 12:17:05] [34mdebug[39m: Session object: {"cookie":{"originalMaxAge":3600000,"expires":"2025-05-07T11:37:28.892Z","secure":false,"httpOnly":true,"path":"/","sameSite":"lax"},"cart":[],"user":{"id":112,"username":"kuta"}}
[2025-05-07 12:17:05] [34mdebug[39m: Session ID from req.sessionID: VqcYNMPKnutnxoFsiWL991BWLs_r3g-D
[2025-05-07 12:17:05] [34mdebug[39m: Session data from DB: [{"session_id":"VqcYNMPKnutnxoFsiWL991BWLs_r3g-D","expires":1746620225,"data":"{\"cookie\":{\"originalMaxAge\":3600000,\"expires\":\"2025-05-07T11:37:28.892Z\",\"secure\":false,\"httpOnly\":true,\"path\":\"/\",\"sameSite\":\"lax\"},\"cart\":[],\"user\":{\"id\":112,\"username\":\"kuta\"}}"}]
[2025-05-07 12:51:51] [34mdebug[39m: Session object: {"cookie":{"originalMaxAge":3600000,"expires":"2025-05-07T12:51:50.367Z","secure":false,"httpOnly":true,"path":"/","sameSite":"lax"}}
[2025-05-07 12:52:13] [34mdebug[39m: Session object: {"cookie":{"originalMaxAge":3600000,"expires":"2025-05-07T12:51:50.367Z","secure":false,"httpOnly":true,"path":"/","sameSite":"lax"}}
[2025-05-07 12:52:20] [34mdebug[39m: Session object: {"cookie":{"originalMaxAge":3600000,"expires":"2025-05-07T12:51:50.367Z","secure":false,"httpOnly":true,"path":"/","sameSite":"lax"}}
[2025-05-07 12:52:28] [34mdebug[39m: Session object: {"cookie":{"originalMaxAge":3600000,"expires":"2025-05-07T12:51:50.367Z","secure":false,"httpOnly":true,"path":"/","sameSite":"lax"}}
[2025-05-07 12:52:36] [34mdebug[39m: Login credentials received: {"email":"kuta@gmail.com"}
[2025-05-07 12:52:36] [34mdebug[39m: Password match: true
[2025-05-07 12:52:36] [34mdebug[39m: Session data set: {"id":112,"username":"kuta"}
[2025-05-07 12:52:40] [34mdebug[39m: Session object: {"cookie":{"originalMaxAge":3600000,"expires":"2025-05-07T12:52:36.971Z","secure":false,"httpOnly":true,"path":"/","sameSite":"lax"},"cart":[],"user":{"id":112,"username":"kuta"}}
[2025-05-07 12:52:40] [34mdebug[39m: Session ID from req.sessionID: tlpc6GvXvuBQ2hNGR8VdNUYhi3HCQm80
[2025-05-07 12:52:40] [34mdebug[39m: Session data from DB: [{"session_id":"tlpc6GvXvuBQ2hNGR8VdNUYhi3HCQm80","expires":1746622360,"data":"{\"cookie\":{\"originalMaxAge\":3600000,\"expires\":\"2025-05-07T12:52:36.971Z\",\"secure\":false,\"httpOnly\":true,\"path\":\"/\",\"sameSite\":\"lax\"},\"cart\":[],\"user\":{\"id\":112,\"username\":\"kuta\"}}"}]
[2025-05-07 12:59:09] [32minfo[39m: Session store initialized successfully.
[2025-05-07 12:59:10] [32minfo[39m: Database connected! Test query result: 2
[2025-05-07 12:59:10] [32minfo[39m: server is running at http://localhost:3000
[2025-05-07 12:59:10] [32minfo[39m: SESSION database connected successfully.
[2025-05-07 12:59:10] [32minfo[39m: SESSION database connected successfully
[2025-05-07 12:59:30] [32mhttp[39m: GET /
[2025-05-07 12:59:30] [32mhttp[39m: GET /ClothingSite/styling/main.css
[2025-05-07 12:59:30] [32mhttp[39m: GET /ClothingSite/images/jacket.png
[2025-05-07 12:59:30] [32mhttp[39m: GET /ClothingSite/images/shoes7.png
[2025-05-07 12:59:30] [32mhttp[39m: GET /ClothingSite/images/t-shirt.png
[2025-05-07 12:59:30] [32mhttp[39m: GET /ClothingSite/images/caps2.png
[2025-05-07 12:59:30] [32mhttp[39m: GET /ClothingSite/images/main.png
[2025-05-07 12:59:33] [32mhttp[39m: GET /clothes
[2025-05-07 12:59:33] [32mhttp[39m: GET /ClothingSite/styling/clothes.css
[2025-05-07 12:59:33] [32mhttp[39m: GET /ClothingSite/images/boots.png
[2025-05-07 12:59:33] [32mhttp[39m: GET /ClothingSite/images/shoes7.png
[2025-05-07 12:59:33] [32mhttp[39m: GET /ClothingSite/images/shoes3.png
[2025-05-07 12:59:33] [32mhttp[39m: GET /ClothingSite/images/shoes4.png
[2025-05-07 12:59:33] [32mhttp[39m: GET /ClothingSite/images/shoes5.png
[2025-05-07 12:59:33] [32mhttp[39m: GET /ClothingSite/images/jacket.png
[2025-05-07 12:59:33] [32mhttp[39m: GET /ClothingSite/images/jackets4.ong.webp
[2025-05-07 12:59:33] [32mhttp[39m: GET /ClothingSite/images/main.png
[2025-05-07 12:59:33] [32mhttp[39m: GET /ClothingSite/images/jackets2.png
[2025-05-07 12:59:33] [32mhttp[39m: GET /ClothingSite/images/jackets3.png
[2025-05-07 12:59:33] [32mhttp[39m: GET /ClothingSite/images/jackets5.png
[2025-05-07 12:59:33] [32mhttp[39m: GET /ClothingSite/images/t-shirt.png
[2025-05-07 12:59:33] [32mhttp[39m: GET /ClothingSite/images/tshirt7.png
[2025-05-07 12:59:33] [32mhttp[39m: GET /ClothingSite/images/tshirt3.png
[2025-05-07 12:59:33] [32mhttp[39m: GET /ClothingSite/images/tshirt4.png
[2025-05-07 12:59:33] [32mhttp[39m: GET /ClothingSite/images/tshirt5.png
[2025-05-07 12:59:33] [32mhttp[39m: GET /ClothingSite/images/jeans.png
[2025-05-07 12:59:33] [32mhttp[39m: GET /ClothingSite/images/pants2.png
[2025-05-07 12:59:33] [32mhttp[39m: GET /ClothingSite/images/pants7.png
[2025-05-07 12:59:33] [32mhttp[39m: GET /ClothingSite/images/pants4.png
[2025-05-07 12:59:34] [32mhttp[39m: GET /ClothingSite/images/pants5.png
[2025-05-07 12:59:34] [32mhttp[39m: GET /ClothingSite/images/trousers.png
[2025-05-07 12:59:34] [32mhttp[39m: GET /ClothingSite/images/hoodies2.png
[2025-05-07 12:59:34] [32mhttp[39m: GET /ClothingSite/images/hoodies3.png
[2025-05-07 12:59:34] [32mhttp[39m: GET /ClothingSite/images/hoodies4.png
[2025-05-07 12:59:34] [32mhttp[39m: GET /ClothingSite/images/hoodies5.png
[2025-05-07 12:59:34] [32mhttp[39m: GET /ClothingSite/images/caps6.png
[2025-05-07 12:59:34] [32mhttp[39m: GET /ClothingSite/images/caps2.png
[2025-05-07 12:59:34] [32mhttp[39m: GET /ClothingSite/images/caps3.png
[2025-05-07 12:59:34] [32mhttp[39m: GET /ClothingSite/images/caps4.png
[2025-05-07 12:59:34] [32mhttp[39m: GET /ClothingSite/images/caps5.png
[2025-05-07 12:59:34] [32mhttp[39m: GET /search
[2025-05-07 12:59:34] [34mdebug[39m: GET /search accessed
[2025-05-07 12:59:34] [32mhttp[39m: GET /ClothingSite/styling/search.css
[2025-05-07 12:59:34] [32mhttp[39m: GET /ClothingSite/images/main.png
[2025-05-07 12:59:36] [32mhttp[39m: GET /about
[2025-05-07 12:59:36] [32mhttp[39m: GET /ClothingSite/styling/about.css
[2025-05-07 12:59:36] [32mhttp[39m: GET /ClothingSite/images/main.png
[2025-05-07 12:59:36] [32mhttp[39m: GET /clothes
[2025-05-07 12:59:37] [32mhttp[39m: GET /ClothingSite/styling/clothes.css
[2025-05-07 12:59:37] [32mhttp[39m: GET /ClothingSite/images/boots.png
[2025-05-07 12:59:37] [32mhttp[39m: GET /ClothingSite/images/shoes7.png
[2025-05-07 12:59:37] [32mhttp[39m: GET /ClothingSite/images/shoes3.png
[2025-05-07 12:59:37] [32mhttp[39m: GET /ClothingSite/images/shoes4.png
[2025-05-07 12:59:37] [32mhttp[39m: GET /ClothingSite/images/shoes5.png
[2025-05-07 12:59:37] [32mhttp[39m: GET /ClothingSite/images/jacket.png
[2025-05-07 12:59:37] [32mhttp[39m: GET /ClothingSite/images/jackets4.ong.webp
[2025-05-07 12:59:37] [32mhttp[39m: GET /ClothingSite/images/jackets2.png
[2025-05-07 12:59:37] [32mhttp[39m: GET /ClothingSite/images/jackets3.png
[2025-05-07 12:59:37] [32mhttp[39m: GET /ClothingSite/images/jackets5.png
[2025-05-07 12:59:37] [32mhttp[39m: GET /ClothingSite/images/t-shirt.png
[2025-05-07 12:59:37] [32mhttp[39m: GET /ClothingSite/images/tshirt7.png
[2025-05-07 12:59:37] [32mhttp[39m: GET /ClothingSite/images/tshirt3.png
[2025-05-07 12:59:37] [32mhttp[39m: GET /ClothingSite/images/tshirt4.png
[2025-05-07 12:59:37] [32mhttp[39m: GET /ClothingSite/images/tshirt5.png
[2025-05-07 12:59:37] [32mhttp[39m: GET /ClothingSite/images/jeans.png
[2025-05-07 12:59:37] [32mhttp[39m: GET /ClothingSite/images/pants2.png
[2025-05-07 12:59:37] [32mhttp[39m: GET /ClothingSite/images/pants7.png
[2025-05-07 12:59:37] [32mhttp[39m: GET /ClothingSite/images/pants4.png
[2025-05-07 12:59:37] [32mhttp[39m: GET /ClothingSite/images/pants5.png
[2025-05-07 12:59:37] [32mhttp[39m: GET /ClothingSite/images/trousers.png
[2025-05-07 12:59:37] [32mhttp[39m: GET /ClothingSite/images/hoodies2.png
[2025-05-07 12:59:37] [32mhttp[39m: GET /ClothingSite/images/hoodies3.png
[2025-05-07 12:59:37] [32mhttp[39m: GET /ClothingSite/images/hoodies4.png
[2025-05-07 12:59:37] [32mhttp[39m: GET /ClothingSite/images/hoodies5.png
[2025-05-07 12:59:37] [32mhttp[39m: GET /ClothingSite/images/caps6.png
[2025-05-07 12:59:37] [32mhttp[39m: GET /ClothingSite/images/caps2.png
[2025-05-07 12:59:37] [32mhttp[39m: GET /ClothingSite/images/caps3.png
[2025-05-07 12:59:37] [32mhttp[39m: GET /ClothingSite/images/caps4.png
[2025-05-07 12:59:37] [32mhttp[39m: GET /ClothingSite/images/caps5.png
[2025-05-07 12:59:39] [32mhttp[39m: POST /cart/add
[2025-05-07 12:59:39] [34mdebug[39m: Updated quantity for product 2 to 3
[2025-05-07 12:59:41] [32mhttp[39m: GET /cart
[2025-05-07 12:59:41] [34mdebug[39m: Cart items for user 112: [{"id":140,"user_id":112,"product_id":1,"name":"Nike Air Max","price":"120.00","quantity":2,"image_url":"/ClothingSite/images/boots.png","created_at":"2025-05-07T11:52:47.000Z","updated_at":"2025-05-07T11:54:11.000Z"},{"id":141,"user_id":112,"product_id":2,"name":"Adidas Ultra Boost","price":"150.00","quantity":3,"image_url":"/ClothingSite/images/shoes7.png","created_at":"2025-05-07T11:53:16.000Z","updated_at":"2025-05-07T11:59:39.000Z"}]
[2025-05-07 12:59:41] [32mhttp[39m: GET /ClothingSite/styling/cart.css
[2025-05-07 12:59:41] [32mhttp[39m: GET /ClothingSite/images/boots.png
[2025-05-07 12:59:41] [32mhttp[39m: GET /ClothingSite/images/shoes7.png
[2025-05-07 12:59:41] [32mhttp[39m: GET /ClothingSite/images/main.png
[2025-05-07 12:59:42] [32mhttp[39m: GET /clothes
[2025-05-07 12:59:42] [32mhttp[39m: GET /ClothingSite/styling/clothes.css
[2025-05-07 12:59:42] [32mhttp[39m: GET /ClothingSite/images/boots.png
[2025-05-07 12:59:42] [32mhttp[39m: GET /ClothingSite/images/shoes7.png
[2025-05-07 12:59:42] [32mhttp[39m: GET /ClothingSite/images/shoes3.png
[2025-05-07 12:59:42] [32mhttp[39m: GET /ClothingSite/images/shoes4.png
[2025-05-07 12:59:42] [32mhttp[39m: GET /ClothingSite/images/shoes5.png
[2025-05-07 12:59:42] [32mhttp[39m: GET /ClothingSite/images/jacket.png
[2025-05-07 12:59:42] [32mhttp[39m: GET /ClothingSite/images/jackets4.ong.webp
[2025-05-07 12:59:42] [32mhttp[39m: GET /ClothingSite/images/jackets2.png
[2025-05-07 12:59:42] [32mhttp[39m: GET /ClothingSite/images/jackets3.png
[2025-05-07 12:59:42] [32mhttp[39m: GET /ClothingSite/images/jackets5.png
[2025-05-07 12:59:42] [32mhttp[39m: GET /ClothingSite/images/t-shirt.png
[2025-05-07 12:59:42] [32mhttp[39m: GET /ClothingSite/images/tshirt7.png
[2025-05-07 12:59:42] [32mhttp[39m: GET /ClothingSite/images/tshirt3.png
[2025-05-07 12:59:42] [32mhttp[39m: GET /ClothingSite/images/tshirt4.png
[2025-05-07 12:59:42] [32mhttp[39m: GET /ClothingSite/images/tshirt5.png
[2025-05-07 12:59:42] [32mhttp[39m: GET /ClothingSite/images/jeans.png
[2025-05-07 12:59:42] [32mhttp[39m: GET /ClothingSite/images/pants2.png
[2025-05-07 12:59:42] [32mhttp[39m: GET /ClothingSite/images/pants7.png
[2025-05-07 12:59:43] [32mhttp[39m: GET /ClothingSite/images/pants4.png
[2025-05-07 12:59:43] [32mhttp[39m: GET /ClothingSite/images/pants5.png
[2025-05-07 12:59:43] [32mhttp[39m: GET /ClothingSite/images/trousers.png
[2025-05-07 12:59:43] [32mhttp[39m: GET /ClothingSite/images/hoodies2.png
[2025-05-07 12:59:43] [32mhttp[39m: GET /ClothingSite/images/hoodies3.png
[2025-05-07 12:59:43] [32mhttp[39m: GET /ClothingSite/images/hoodies4.png
[2025-05-07 12:59:43] [32mhttp[39m: GET /ClothingSite/images/hoodies5.png
[2025-05-07 12:59:43] [32mhttp[39m: GET /ClothingSite/images/caps6.png
[2025-05-07 12:59:43] [32mhttp[39m: GET /ClothingSite/images/caps2.png
[2025-05-07 12:59:43] [32mhttp[39m: GET /ClothingSite/images/caps3.png
[2025-05-07 12:59:43] [32mhttp[39m: GET /ClothingSite/images/caps4.png
[2025-05-07 12:59:43] [32mhttp[39m: GET /ClothingSite/images/caps5.png
[2025-05-07 12:59:43] [32mhttp[39m: GET /clothes
[2025-05-07 12:59:43] [32mhttp[39m: GET /ClothingSite/styling/clothes.css
[2025-05-07 12:59:43] [32mhttp[39m: GET /ClothingSite/images/boots.png
[2025-05-07 12:59:43] [32mhttp[39m: GET /ClothingSite/images/shoes7.png
[2025-05-07 12:59:43] [32mhttp[39m: GET /ClothingSite/images/shoes3.png
[2025-05-07 12:59:43] [32mhttp[39m: GET /ClothingSite/images/shoes4.png
[2025-05-07 12:59:43] [32mhttp[39m: GET /ClothingSite/images/shoes5.png
[2025-05-07 12:59:43] [32mhttp[39m: GET /ClothingSite/images/jacket.png
[2025-05-07 12:59:43] [32mhttp[39m: GET /ClothingSite/images/jackets4.ong.webp
[2025-05-07 12:59:43] [32mhttp[39m: GET /ClothingSite/images/jackets2.png
[2025-05-07 12:59:44] [32mhttp[39m: GET /ClothingSite/images/jackets3.png
[2025-05-07 12:59:44] [32mhttp[39m: GET /ClothingSite/images/jackets5.png
[2025-05-07 12:59:44] [32mhttp[39m: GET /ClothingSite/images/t-shirt.png
[2025-05-07 12:59:44] [32mhttp[39m: GET /ClothingSite/images/tshirt7.png
[2025-05-07 12:59:44] [32mhttp[39m: GET /ClothingSite/images/tshirt3.png
[2025-05-07 12:59:44] [32mhttp[39m: GET /ClothingSite/images/tshirt4.png
[2025-05-07 12:59:44] [32mhttp[39m: GET /ClothingSite/images/tshirt5.png
[2025-05-07 12:59:44] [32mhttp[39m: GET /ClothingSite/images/jeans.png
[2025-05-07 12:59:44] [32mhttp[39m: GET /ClothingSite/images/pants2.png
[2025-05-07 12:59:44] [32mhttp[39m: GET /ClothingSite/images/pants7.png
[2025-05-07 12:59:44] [32mhttp[39m: GET /ClothingSite/images/pants4.png
[2025-05-07 12:59:44] [32mhttp[39m: GET /ClothingSite/images/pants5.png
[2025-05-07 12:59:44] [32mhttp[39m: GET /ClothingSite/images/trousers.png
[2025-05-07 12:59:44] [32mhttp[39m: GET /ClothingSite/images/hoodies2.png
[2025-05-07 12:59:44] [32mhttp[39m: GET /ClothingSite/images/hoodies3.png
[2025-05-07 12:59:44] [32mhttp[39m: GET /ClothingSite/images/hoodies4.png
[2025-05-07 12:59:44] [32mhttp[39m: GET /ClothingSite/images/hoodies5.png
[2025-05-07 12:59:44] [32mhttp[39m: GET /ClothingSite/images/caps6.png
[2025-05-07 12:59:44] [32mhttp[39m: GET /ClothingSite/images/caps2.png
[2025-05-07 12:59:44] [32mhttp[39m: GET /ClothingSite/images/caps3.png
[2025-05-07 12:59:44] [32mhttp[39m: GET /ClothingSite/images/caps4.png
[2025-05-07 12:59:44] [32mhttp[39m: GET /ClothingSite/images/caps5.png
[2025-05-07 12:59:48] [32mhttp[39m: GET /ClothingSite/styling/clothes.css
[2025-05-07 12:59:51] [32mhttp[39m: POST /cart/add
[2025-05-07 12:59:51] [34mdebug[39m: Added new item to cart: productId 3
[2025-05-07 13:02:46] [32minfo[39m: Session store initialized successfully.
[2025-05-07 13:02:47] [32minfo[39m: Database connected! Test query result: 2
[2025-05-07 13:02:47] [32minfo[39m: server is running at http://localhost:3000
[2025-05-07 13:02:47] [32minfo[39m: SESSION database connected successfully.
[2025-05-07 13:02:47] [32minfo[39m: SESSION database connected successfully
[2025-05-07 13:02:53] [32mhttp[39m: GET /clothes
[2025-05-07 13:02:53] [32mhttp[39m: GET /ClothingSite/styling/clothes.css
[2025-05-07 13:02:54] [32mhttp[39m: GET /ClothingSite/images/shoes7.png
[2025-05-07 13:02:54] [32mhttp[39m: GET /ClothingSite/images/boots.png
[2025-05-07 13:02:54] [32mhttp[39m: GET /ClothingSite/images/shoes3.png
[2025-05-07 13:02:54] [32mhttp[39m: GET /ClothingSite/images/shoes4.png
[2025-05-07 13:02:54] [32mhttp[39m: GET /ClothingSite/images/shoes5.png
[2025-05-07 13:02:54] [32mhttp[39m: GET /ClothingSite/images/main.png
[2025-05-07 13:02:54] [32mhttp[39m: GET /ClothingSite/images/jackets4.ong.webp
[2025-05-07 13:02:54] [32mhttp[39m: GET /ClothingSite/images/jacket.png
[2025-05-07 13:02:54] [32mhttp[39m: GET /ClothingSite/images/jackets2.png
[2025-05-07 13:02:54] [32mhttp[39m: GET /ClothingSite/images/jackets3.png
[2025-05-07 13:02:54] [32mhttp[39m: GET /ClothingSite/images/jackets5.png
[2025-05-07 13:02:55] [32mhttp[39m: GET /ClothingSite/images/t-shirt.png
[2025-05-07 13:02:55] [32mhttp[39m: GET /ClothingSite/images/tshirt7.png
[2025-05-07 13:02:55] [32mhttp[39m: GET /ClothingSite/images/tshirt3.png
[2025-05-07 13:02:55] [32mhttp[39m: GET /ClothingSite/images/tshirt4.png
[2025-05-07 13:02:55] [32mhttp[39m: GET /ClothingSite/images/tshirt5.png
[2025-05-07 13:02:55] [32mhttp[39m: GET /ClothingSite/images/jeans.png
[2025-05-07 13:02:55] [32mhttp[39m: GET /ClothingSite/images/pants2.png
[2025-05-07 13:02:55] [32mhttp[39m: GET /ClothingSite/images/pants7.png
[2025-05-07 13:02:55] [32mhttp[39m: GET /ClothingSite/images/pants4.png
[2025-05-07 13:02:55] [32mhttp[39m: GET /ClothingSite/images/pants5.png
[2025-05-07 13:02:55] [32mhttp[39m: GET /ClothingSite/images/trousers.png
[2025-05-07 13:02:55] [32mhttp[39m: GET /ClothingSite/images/hoodies2.png
[2025-05-07 13:02:55] [32mhttp[39m: GET /ClothingSite/images/hoodies3.png
[2025-05-07 13:02:55] [32mhttp[39m: GET /ClothingSite/images/hoodies4.png
[2025-05-07 13:02:55] [32mhttp[39m: GET /ClothingSite/images/hoodies5.png
[2025-05-07 13:02:55] [32mhttp[39m: GET /ClothingSite/images/caps6.png
[2025-05-07 13:02:55] [32mhttp[39m: GET /ClothingSite/images/caps2.png
[2025-05-07 13:02:55] [32mhttp[39m: GET /ClothingSite/images/caps3.png
[2025-05-07 13:02:55] [32mhttp[39m: POST /cart/add
[2025-05-07 13:02:55] [32mhttp[39m: GET /ClothingSite/images/caps4.png
[2025-05-07 13:02:55] [32mhttp[39m: GET /ClothingSite/images/caps5.png
[2025-05-07 13:02:55] [34mdebug[39m: Updated quantity for product 2 to 4
[2025-05-07 13:02:56] [32mhttp[39m: GET /favicon/favicon.ico
[2025-05-07 13:02:58] [32mhttp[39m: GET /search
[2025-05-07 13:02:58] [34mdebug[39m: GET /search accessed
[2025-05-07 13:02:58] [32mhttp[39m: GET /ClothingSite/styling/search.css
[2025-05-07 13:02:58] [32mhttp[39m: GET /ClothingSite/images/main.png
[2025-05-07 13:03:01] [32mhttp[39m: POST /search
[2025-05-07 13:03:01] [32mhttp[39m: GET /ClothingSite/styling/search.css
[2025-05-07 13:03:01] [32mhttp[39m: GET /ClothingSite/images/jeans.png
[2025-05-07 13:03:01] [32mhttp[39m: GET /ClothingSite/images/pants2.png
[2025-05-07 13:03:01] [32mhttp[39m: GET /ClothingSite/images/pants7.png
[2025-05-07 13:03:01] [32mhttp[39m: GET /ClothingSite/images/pants4.png
[2025-05-07 13:03:01] [32mhttp[39m: GET /ClothingSite/images/pants5.png
[2025-05-07 13:03:04] [32mhttp[39m: POST /search
[2025-05-07 13:03:04] [32mhttp[39m: GET /ClothingSite/styling/search.css
[2025-05-07 13:03:04] [32mhttp[39m: GET /ClothingSite/images/hoodies2.png
[2025-05-07 13:03:04] [32mhttp[39m: GET /ClothingSite/images/hoodies3.png
[2025-05-07 13:03:04] [32mhttp[39m: GET /ClothingSite/images/hoodies4.png
[2025-05-07 13:03:04] [32mhttp[39m: GET /ClothingSite/images/hoodies5.png
[2025-05-07 13:03:06] [32mhttp[39m: POST /search
[2025-05-07 13:03:06] [32mhttp[39m: GET /ClothingSite/styling/search.css
[2025-05-07 13:03:09] [32mhttp[39m: GET /about
[2025-05-07 13:03:10] [32mhttp[39m: GET /ClothingSite/styling/about.css
[2025-05-07 13:03:10] [32mhttp[39m: GET /ClothingSite/images/main.png
[2025-05-07 13:03:11] [32mhttp[39m: GET /cart
[2025-05-07 13:03:11] [34mdebug[39m: Cart items for user 112: [{"id":140,"user_id":112,"product_id":1,"name":"Nike Air Max","price":"120.00","quantity":2,"image_url":"/ClothingSite/images/boots.png","created_at":"2025-05-07T11:52:47.000Z","updated_at":"2025-05-07T11:54:11.000Z"},{"id":141,"user_id":112,"product_id":2,"name":"Adidas Ultra Boost","price":"150.00","quantity":4,"image_url":"/ClothingSite/images/shoes7.png","created_at":"2025-05-07T11:53:16.000Z","updated_at":"2025-05-07T12:02:55.000Z"},{"id":142,"user_id":112,"product_id":3,"name":"Puma RS-X","price":"130.00","quantity":1,"image_url":"/ClothingSite/images/shoes3.png","created_at":"2025-05-07T11:59:51.000Z","updated_at":"2025-05-07T11:59:51.000Z"}]
[2025-05-07 13:03:11] [32mhttp[39m: GET /ClothingSite/styling/cart.css
[2025-05-07 13:03:11] [32mhttp[39m: GET /ClothingSite/images/boots.png
[2025-05-07 13:03:11] [32mhttp[39m: GET /ClothingSite/images/shoes7.png
[2025-05-07 13:03:11] [32mhttp[39m: GET /ClothingSite/images/shoes3.png
[2025-05-07 13:03:11] [32mhttp[39m: GET /ClothingSite/images/main.png
[2025-05-07 13:03:13] [32mhttp[39m: POST /cart/remove
[2025-05-07 13:03:13] [34mdebug[39m: Removed product 1 from cart
[2025-05-07 13:03:14] [32mhttp[39m: POST /cart/update
[2025-05-07 13:03:14] [34mdebug[39m: Updated cart item 2 to quantity 3
[2025-05-07 13:03:14] [32mhttp[39m: GET /cart
[2025-05-07 13:03:14] [34mdebug[39m: Cart items for user 112: [{"id":141,"user_id":112,"product_id":2,"name":"Adidas Ultra Boost","price":"150.00","quantity":3,"image_url":"/ClothingSite/images/shoes7.png","created_at":"2025-05-07T11:53:16.000Z","updated_at":"2025-05-07T12:03:14.000Z"},{"id":142,"user_id":112,"product_id":3,"name":"Puma RS-X","price":"130.00","quantity":1,"image_url":"/ClothingSite/images/shoes3.png","created_at":"2025-05-07T11:59:51.000Z","updated_at":"2025-05-07T11:59:51.000Z"}]
[2025-05-07 13:03:14] [32mhttp[39m: GET /ClothingSite/styling/cart.css
[2025-05-07 13:03:14] [32mhttp[39m: GET /ClothingSite/images/shoes7.png
[2025-05-07 13:03:15] [32mhttp[39m: GET /ClothingSite/images/shoes3.png
[2025-05-07 13:03:15] [32mhttp[39m: POST /cart/update
[2025-05-07 13:03:15] [34mdebug[39m: Updated cart item 2 to quantity 2
[2025-05-07 13:03:15] [32mhttp[39m: GET /cart
[2025-05-07 13:03:15] [34mdebug[39m: Cart items for user 112: [{"id":141,"user_id":112,"product_id":2,"name":"Adidas Ultra Boost","price":"150.00","quantity":2,"image_url":"/ClothingSite/images/shoes7.png","created_at":"2025-05-07T11:53:16.000Z","updated_at":"2025-05-07T12:03:15.000Z"},{"id":142,"user_id":112,"product_id":3,"name":"Puma RS-X","price":"130.00","quantity":1,"image_url":"/ClothingSite/images/shoes3.png","created_at":"2025-05-07T11:59:51.000Z","updated_at":"2025-05-07T11:59:51.000Z"}]
[2025-05-07 13:03:15] [32mhttp[39m: GET /ClothingSite/styling/cart.css
[2025-05-07 13:03:15] [32mhttp[39m: GET /ClothingSite/images/shoes7.png
[2025-05-07 13:03:15] [32mhttp[39m: GET /ClothingSite/images/shoes3.png
[2025-05-07 13:03:15] [32mhttp[39m: GET /favicon/favicon.ico
[2025-05-07 13:03:16] [32mhttp[39m: POST /cart/remove
[2025-05-07 13:03:16] [34mdebug[39m: Removed product 2 from cart
[2025-05-07 13:03:17] [32mhttp[39m: POST /cart/remove
[2025-05-07 13:03:17] [34mdebug[39m: Removed product 3 from cart
[2025-05-07 13:03:17] [32mhttp[39m: GET /cart
[2025-05-07 13:03:17] [34mdebug[39m: Cart items for user 112: []
[2025-05-07 13:03:17] [32mhttp[39m: GET /ClothingSite/styling/cart.css
[2025-05-07 13:03:17] [32mhttp[39m: GET /favicon/favicon.ico
[2025-05-07 13:03:19] [32mhttp[39m: GET /account
[2025-05-07 13:03:19] [32mhttp[39m: GET /ClothingSite/styling/account.css
[2025-05-07 13:03:19] [32mhttp[39m: GET /session
[2025-05-07 13:03:19] [34mdebug[39m: Session object: {"cookie":{"originalMaxAge":3600000,"expires":"2025-05-07T12:52:36.971Z","secure":false,"httpOnly":true,"path":"/","sameSite":"lax"},"cart":[],"user":{"id":112,"username":"kuta"}}
[2025-05-07 13:03:19] [34mdebug[39m: Session ID from req.sessionID: tlpc6GvXvuBQ2hNGR8VdNUYhi3HCQm80
[2025-05-07 13:03:19] [32mhttp[39m: GET /ClothingSite/images/main.png
[2025-05-07 13:03:19] [34mdebug[39m: Session data from DB: [{"session_id":"tlpc6GvXvuBQ2hNGR8VdNUYhi3HCQm80","expires":1746622999,"data":"{\"cookie\":{\"originalMaxAge\":3600000,\"expires\":\"2025-05-07T12:52:36.971Z\",\"secure\":false,\"httpOnly\":true,\"path\":\"/\",\"sameSite\":\"lax\"},\"cart\":[],\"user\":{\"id\":112,\"username\":\"kuta\"}}"}]
[2025-05-07 13:03:21] [32mhttp[39m: POST /logout
[2025-05-07 13:03:21] [32mhttp[39m: GET /account
[2025-05-07 13:03:22] [32mhttp[39m: GET /ClothingSite/styling/account.css
[2025-05-07 13:03:22] [32mhttp[39m: GET /session
[2025-05-07 13:03:22] [34mdebug[39m: Session object: {"cookie":{"originalMaxAge":3600000,"expires":"2025-05-07T13:03:21.876Z","secure":false,"httpOnly":true,"path":"/","sameSite":"lax"}}
[2025-05-07 13:03:22] [32mhttp[39m: GET /favicon/favicon.ico
[2025-05-07 13:03:30] [32mhttp[39m: POST /login
[2025-05-07 13:03:30] [34mdebug[39m: Login credentials received: {"email":"kuta@gmail.com"}
[2025-05-07 13:03:30] [34mdebug[39m: Password match: true
[2025-05-07 13:03:30] [34mdebug[39m: Session data set: {"id":112,"username":"kuta"}
[2025-05-07 13:03:34] [32mhttp[39m: GET /account
[2025-05-07 13:03:34] [32mhttp[39m: GET /ClothingSite/styling/account.css
[2025-05-07 13:03:34] [32mhttp[39m: GET /session
[2025-05-07 13:03:34] [34mdebug[39m: Session object: {"cookie":{"originalMaxAge":3600000,"expires":"2025-05-07T13:03:30.930Z","secure":false,"httpOnly":true,"path":"/","sameSite":"lax"},"cart":[],"user":{"id":112,"username":"kuta"}}
[2025-05-07 13:03:34] [34mdebug[39m: Session ID from req.sessionID: z7HXNlaB4cpgbLcb_LeOGb92VWPLZ38d
[2025-05-07 13:03:34] [34mdebug[39m: Session data from DB: [{"session_id":"z7HXNlaB4cpgbLcb_LeOGb92VWPLZ38d","expires":1746623014,"data":"{\"cookie\":{\"originalMaxAge\":3600000,\"expires\":\"2025-05-07T13:03:30.930Z\",\"secure\":false,\"httpOnly\":true,\"path\":\"/\",\"sameSite\":\"lax\"},\"cart\":[],\"user\":{\"id\":112,\"username\":\"kuta\"}}"}]
[2025-05-07 13:03:36] [32mhttp[39m: POST /logout
[2025-05-07 13:03:36] [32mhttp[39m: GET /account
[2025-05-07 13:03:36] [32mhttp[39m: GET /ClothingSite/styling/account.css
[2025-05-07 13:03:36] [32mhttp[39m: GET /session
[2025-05-07 13:03:37] [32mhttp[39m: GET /favicon/favicon.ico
[2025-05-07 13:03:37] [34mdebug[39m: Session object: {"cookie":{"originalMaxAge":3600000,"expires":"2025-05-07T13:03:36.689Z","secure":false,"httpOnly":true,"path":"/","sameSite":"lax"}}
[2025-05-07 13:03:55] [32mhttp[39m: POST /signup
[2025-05-07 13:03:55] [32minfo[39m: form submission started
[2025-05-07 13:03:55] [34mdebug[39m: received signup data: {"username":"qadeer","email":"qadeer@gmail.com"}
[2025-05-07 13:03:55] [34mdebug[39m: Session data set: {"id":113,"username":"qadeer"}
[2025-05-07 13:03:58] [32mhttp[39m: GET /account
[2025-05-07 13:03:59] [32mhttp[39m: GET /ClothingSite/styling/account.css
[2025-05-07 13:03:59] [32mhttp[39m: GET /session
[2025-05-07 13:03:59] [34mdebug[39m: Session object: {"cookie":{"originalMaxAge":3600000,"expires":"2025-05-07T13:03:55.892Z","secure":false,"httpOnly":true,"path":"/","sameSite":"lax"},"user":{"id":113,"username":"qadeer"}}
[2025-05-07 13:03:59] [34mdebug[39m: Session ID from req.sessionID: Wqmc9g7uJjbecZBVPJRAZVriSkFZQ9TG
[2025-05-07 13:03:59] [34mdebug[39m: Session data from DB: [{"session_id":"Wqmc9g7uJjbecZBVPJRAZVriSkFZQ9TG","expires":1746623039,"data":"{\"cookie\":{\"originalMaxAge\":3600000,\"expires\":\"2025-05-07T13:03:55.892Z\",\"secure\":false,\"httpOnly\":true,\"path\":\"/\",\"sameSite\":\"lax\"},\"user\":{\"id\":113,\"username\":\"qadeer\"}}"}]
[2025-05-07 13:04:04] [32mhttp[39m: GET /cart
[2025-05-07 13:04:04] [34mdebug[39m: Cart items for user 113: []
[2025-05-07 13:04:04] [32mhttp[39m: GET /ClothingSite/styling/cart.css
[2025-05-07 13:04:04] [32mhttp[39m: GET /ClothingSite/images/main.png
[2025-05-07 13:04:05] [32mhttp[39m: GET /clothes
[2025-05-07 13:04:05] [32mhttp[39m: GET /ClothingSite/styling/clothes.css
[2025-05-07 13:04:05] [32mhttp[39m: GET /ClothingSite/images/boots.png
[2025-05-07 13:04:05] [32mhttp[39m: GET /ClothingSite/images/shoes7.png
[2025-05-07 13:04:05] [32mhttp[39m: GET /ClothingSite/images/shoes3.png
[2025-05-07 13:04:05] [32mhttp[39m: GET /ClothingSite/images/shoes4.png
[2025-05-07 13:04:05] [32mhttp[39m: GET /ClothingSite/images/shoes5.png
[2025-05-07 13:04:05] [32mhttp[39m: GET /ClothingSite/images/jacket.png
[2025-05-07 13:04:06] [32mhttp[39m: GET /ClothingSite/images/main.png
[2025-05-07 13:04:06] [32mhttp[39m: GET /ClothingSite/images/jackets4.ong.webp
[2025-05-07 13:04:06] [32mhttp[39m: GET /ClothingSite/images/jackets2.png
[2025-05-07 13:04:06] [32mhttp[39m: GET /ClothingSite/images/jackets3.png
[2025-05-07 13:04:06] [32mhttp[39m: GET /ClothingSite/images/jackets5.png
[2025-05-07 13:04:06] [32mhttp[39m: GET /ClothingSite/images/t-shirt.png
[2025-05-07 13:04:06] [32mhttp[39m: GET /ClothingSite/images/tshirt7.png
[2025-05-07 13:04:06] [32mhttp[39m: GET /ClothingSite/images/tshirt3.png
[2025-05-07 13:04:06] [32mhttp[39m: GET /ClothingSite/images/tshirt4.png
[2025-05-07 13:04:06] [32mhttp[39m: GET /ClothingSite/images/tshirt5.png
[2025-05-07 13:04:06] [32mhttp[39m: GET /ClothingSite/images/jeans.png
[2025-05-07 13:04:06] [32mhttp[39m: GET /ClothingSite/images/pants2.png
[2025-05-07 13:04:06] [32mhttp[39m: GET /ClothingSite/images/pants7.png
[2025-05-07 13:04:06] [32mhttp[39m: GET /ClothingSite/images/pants4.png
[2025-05-07 13:04:07] [32mhttp[39m: GET /ClothingSite/images/pants5.png
[2025-05-07 13:04:07] [32mhttp[39m: GET /ClothingSite/images/trousers.png
[2025-05-07 13:04:07] [32mhttp[39m: GET /ClothingSite/images/hoodies2.png
[2025-05-07 13:04:07] [32mhttp[39m: GET /ClothingSite/images/hoodies3.png
[2025-05-07 13:04:07] [32mhttp[39m: GET /ClothingSite/images/hoodies4.png
[2025-05-07 13:04:07] [32mhttp[39m: GET /ClothingSite/images/hoodies5.png
[2025-05-07 13:04:07] [32mhttp[39m: GET /ClothingSite/images/caps6.png
[2025-05-07 13:04:07] [32mhttp[39m: POST /cart/add
[2025-05-07 13:04:07] [32mhttp[39m: GET /ClothingSite/images/caps2.png
[2025-05-07 13:04:07] [32mhttp[39m: GET /ClothingSite/images/caps3.png
[2025-05-07 13:04:07] [32mhttp[39m: GET /ClothingSite/images/caps4.png
[2025-05-07 13:04:07] [32mhttp[39m: GET /ClothingSite/images/caps5.png
[2025-05-07 13:04:07] [34mdebug[39m: Added new item to cart: productId 3
[2025-05-07 13:04:09] [32mhttp[39m: GET /cart
[2025-05-07 13:04:09] [34mdebug[39m: Cart items for user 113: [{"id":143,"user_id":113,"product_id":3,"name":"Puma RS-X","price":"130.00","quantity":1,"image_url":"/ClothingSite/images/shoes3.png","created_at":"2025-05-07T12:04:07.000Z","updated_at":"2025-05-07T12:04:07.000Z"}]
[2025-05-07 13:04:09] [32mhttp[39m: GET /ClothingSite/styling/cart.css
[2025-05-07 13:04:09] [32mhttp[39m: GET /ClothingSite/images/shoes3.png
[2025-05-07 13:04:09] [32mhttp[39m: GET /ClothingSite/images/main.png
[2025-05-07 13:04:10] [32mhttp[39m: POST /checkout
[2025-05-07 13:04:10] [34mdebug[39m: Checkout router hit!
[2025-05-07 13:04:10] [34mdebug[39m: Received cart items: {"cartItems":[{"product_id":"3","name":"Puma RS-X","price":13000,"quantity":1}]}
[2025-05-07 13:04:10] [32mhttp[39m: POST /checkout
[2025-05-07 13:04:10] [34mdebug[39m: Checkout router hit!
[2025-05-07 13:04:10] [34mdebug[39m: Received cart items: {"cartItems":[{"product_id":"3","name":"Puma RS-X","price":13000,"quantity":1}]}
[2025-05-07 13:04:28] [32mhttp[39m: GET /checkout/cancel
[2025-05-07 13:04:28] [32mhttp[39m: GET /ClothingSite/styling/checkout.css
[2025-05-07 13:04:28] [32mhttp[39m: GET /ClothingSite/images/main.png
[2025-05-07 13:04:30] [32mhttp[39m: GET /cart
[2025-05-07 13:04:30] [34mdebug[39m: Cart items for user 113: [{"id":143,"user_id":113,"product_id":3,"name":"Puma RS-X","price":"130.00","quantity":1,"image_url":"/ClothingSite/images/shoes3.png","created_at":"2025-05-07T12:04:07.000Z","updated_at":"2025-05-07T12:04:07.000Z"}]
[2025-05-07 13:04:31] [32mhttp[39m: GET /ClothingSite/styling/cart.css
[2025-05-07 13:04:31] [32mhttp[39m: GET /ClothingSite/images/shoes3.png
[2025-05-07 13:04:31] [32mhttp[39m: GET /ClothingSite/images/main.png
[2025-05-07 13:04:34] [32mhttp[39m: GET /
[2025-05-07 13:04:34] [32mhttp[39m: GET /ClothingSite/styling/main.css
[2025-05-07 13:04:34] [32mhttp[39m: GET /ClothingSite/images/shoes7.png
[2025-05-07 13:04:34] [32mhttp[39m: GET /ClothingSite/images/jacket.png
[2025-05-07 13:04:34] [32mhttp[39m: GET /ClothingSite/images/t-shirt.png
[2025-05-07 13:04:34] [32mhttp[39m: GET /ClothingSite/images/caps2.png
[2025-05-07 13:04:34] [32mhttp[39m: GET /ClothingSite/images/main.png
